# JRE version: Java(TM) SE Runtime Environment (8.0_60-b27) (build 1.8.0_60-b27)
# Java VM: Java HotSpot(TM) 64-Bit Server VM (25.60-b23 mixed mode windows-amd64 compressed oops)
Heap:
 PSYoungGen      total 109056K, used 12908K [0x00000000f5580000, 0x00000000fd380000, 0x0000000100000000)
  eden space 94720K, 13% used [0x00000000f5580000,0x00000000f621b288,0x00000000fb200000)
  from space 14336K, 0% used [0x00000000fb200000,0x00000000fb200000,0x00000000fc000000)
  to   space 13312K, 0% used [0x00000000fc000000,0x00000000fc000000,0x00000000fcd00000)
 ParOldGen       total 175104K, used 16555K [0x00000000e0000000, 0x00000000eab00000, 0x00000000f5580000)
  object space 175104K, 9% used [0x00000000e0000000,0x00000000e102ad50,0x00000000eab00000)
 Metaspace       used 34697K, capacity 35554K, committed 35800K, reserved 1079296K
  class space    used 4890K, capacity 5178K, committed 5248K, reserved 1048576K
GC Heap History (10 events):
Event: 18.075 GC heap before
{Heap before GC invocations=5 (full 1):
 PSYoungGen      total 76288K, used 65536K [0x00000000f5580000, 0x00000000faa80000, 0x0000000100000000)
  eden space 65536K, 100% used [0x00000000f5580000,0x00000000f9580000,0x00000000f9580000)
  from space 10752K, 0% used [0x00000000f9580000,0x00000000f9580000,0x00000000fa000000)
  to   space 10752K, 0% used [0x00000000fa000000,0x00000000fa000000,0x00000000faa80000)
 ParOldGen       total 175104K, used 10761K [0x00000000e0000000, 0x00000000eab00000, 0x00000000f5580000)
  object space 175104K, 6% used [0x00000000e0000000,0x00000000e0a827b8,0x00000000eab00000)
 Metaspace       used 27632K, capacity 28140K, committed 28288K, reserved 1073152K
  class space    used 3756K, capacity 3920K, committed 3968K, reserved 1048576K
Event: 18.087 GC heap after
Heap after GC invocations=5 (full 1):
 PSYoungGen      total 76288K, used 8013K [0x00000000f5580000, 0x00000000fc480000, 0x0000000100000000)
  eden space 65536K, 0% used [0x00000000f5580000,0x00000000f5580000,0x00000000f9580000)
  from space 10752K, 74% used [0x00000000fa000000,0x00000000fa7d3590,0x00000000faa80000)
  to   space 10752K, 0% used [0x00000000f9580000,0x00000000f9580000,0x00000000fa000000)
 ParOldGen       total 175104K, used 10769K [0x00000000e0000000, 0x00000000eab00000, 0x00000000f5580000)
  object space 175104K, 6% used [0x00000000e0000000,0x00000000e0a847b8,0x00000000eab00000)
 Metaspace       used 27632K, capacity 28140K, committed 28288K, reserved 1073152K
  class space    used 3756K, capacity 3920K, committed 3968K, reserved 1048576K
}
Event: 19.488 GC heap before
{Heap before GC invocations=6 (full 1):
 PSYoungGen      total 76288K, used 73549K [0x00000000f5580000, 0x00000000fc480000, 0x0000000100000000)
  eden space 65536K, 100% used [0x00000000f5580000,0x00000000f9580000,0x00000000f9580000)
  from space 10752K, 74% used [0x00000000fa000000,0x00000000fa7d3590,0x00000000faa80000)
  to   space 10752K, 0% used [0x00000000f9580000,0x00000000f9580000,0x00000000fa000000)
 ParOldGen       total 175104K, used 10769K [0x00000000e0000000, 0x00000000eab00000, 0x00000000f5580000)
  object space 175104K, 6% used [0x00000000e0000000,0x00000000e0a847b8,0x00000000eab00000)
 Metaspace       used 30947K, capacity 31504K, committed 31744K, reserved 1077248K
  class space    used 4314K, capacity 4545K, committed 4608K, reserved 1048576K
Event: 19.505 GC heap after
Heap after GC invocations=6 (full 1):
 PSYoungGen      total 76288K, used 10506K [0x00000000f5580000, 0x00000000fcd00000, 0x0000000100000000)
  eden space 65536K, 0% used [0x00000000f5580000,0x00000000f5580000,0x00000000f9580000)
  from space 10752K, 97% used [0x00000000f9580000,0x00000000f9fc2a20,0x00000000fa000000)
  to   space 13312K, 0% used [0x00000000fc000000,0x00000000fc000000,0x00000000fcd00000)
 ParOldGen       total 175104K, used 10777K [0x00000000e0000000, 0x00000000eab00000, 0x00000000f5580000)
  object space 175104K, 6% used [0x00000000e0000000,0x00000000e0a867b8,0x00000000eab00000)
 Metaspace       used 30947K, capacity 31504K, committed 31744K, reserved 1077248K
  class space    used 4314K, capacity 4545K, committed 4608K, reserved 1048576K
}
Event: 20.907 GC heap before
{Heap before GC invocations=7 (full 1):
 PSYoungGen      total 76288K, used 76042K [0x00000000f5580000, 0x00000000fcd00000, 0x0000000100000000)
  eden space 65536K, 100% used [0x00000000f5580000,0x00000000f9580000,0x00000000f9580000)
  from space 10752K, 97% used [0x00000000f9580000,0x00000000f9fc2a20,0x00000000fa000000)
  to   space 13312K, 0% used [0x00000000fc000000,0x00000000fc000000,0x00000000fcd00000)
 ParOldGen       total 175104K, used 10777K [0x00000000e0000000, 0x00000000eab00000, 0x00000000f5580000)
  object space 175104K, 6% used [0x00000000e0000000,0x00000000e0a867b8,0x00000000eab00000)
 Metaspace       used 34517K, capacity 35268K, committed 35328K, reserved 1079296K
  class space    used 4862K, capacity 5105K, committed 5120K, reserved 1048576K
Event: 20.930 GC heap after
Heap after GC invocations=7 (full 1):
 PSYoungGen      total 108032K, used 12462K [0x00000000f5580000, 0x00000000fd380000, 0x0000000100000000)
  eden space 94720K, 0% used [0x00000000f5580000,0x00000000f5580000,0x00000000fb200000)
  from space 13312K, 93% used [0x00000000fc000000,0x00000000fcc2bb50,0x00000000fcd00000)
  to   space 14336K, 0% used [0x00000000fb200000,0x00000000fb200000,0x00000000fc000000)
 ParOldGen       total 175104K, used 10785K [0x00000000e0000000, 0x00000000eab00000, 0x00000000f5580000)
  object space 175104K, 6% used [0x00000000e0000000,0x00000000e0a887b8,0x00000000eab00000)
 Metaspace       used 34517K, capacity 35268K, committed 35328K, reserved 1079296K
  class space    used 4862K, capacity 5105K, committed 5120K, reserved 1048576K
}
Event: 20.973 GC heap before
{Heap before GC invocations=8 (full 1):
 PSYoungGen      total 108032K, used 15012K [0x00000000f5580000, 0x00000000fd380000, 0x0000000100000000)
  eden space 94720K, 2% used [0x00000000f5580000,0x00000000f57fd7c0,0x00000000fb200000)
  from space 13312K, 93% used [0x00000000fc000000,0x00000000fcc2bb50,0x00000000fcd00000)
  to   space 14336K, 0% used [0x00000000fb200000,0x00000000fb200000,0x00000000fc000000)
 ParOldGen       total 175104K, used 10785K [0x00000000e0000000, 0x00000000eab00000, 0x00000000f5580000)
  object space 175104K, 6% used [0x00000000e0000000,0x00000000e0a887b8,0x00000000eab00000)
 Metaspace       used 34568K, capacity 35332K, committed 35416K, reserved 1079296K
  class space    used 4866K, capacity 5105K, committed 5120K, reserved 1048576K
Event: 20.989 GC heap after
Heap after GC invocations=8 (full 1):
 PSYoungGen      total 109056K, used 9558K [0x00000000f5580000, 0x00000000fd380000, 0x0000000100000000)
  eden space 94720K, 0% used [0x00000000f5580000,0x00000000f5580000,0x00000000fb200000)
  from space 14336K, 66% used [0x00000000fb200000,0x00000000fbb559f0,0x00000000fc000000)
  to   space 13312K, 0% used [0x00000000fc000000,0x00000000fc000000,0x00000000fcd00000)
 ParOldGen       total 175104K, used 10785K [0x00000000e0000000, 0x00000000eab00000, 0x00000000f5580000)
  object space 175104K, 6% used [0x00000000e0000000,0x00000000e0a887b8,0x00000000eab00000)
 Metaspace       used 34568K, capacity 35332K, committed 35416K, reserved 1079296K
  class space    used 4866K, capacity 5105K, committed 5120K, reserved 1048576K
}
Event: 20.989 GC heap before
{Heap before GC invocations=9 (full 2):
 PSYoungGen      total 109056K, used 9558K [0x00000000f5580000, 0x00000000fd380000, 0x0000000100000000)
  eden space 94720K, 0% used [0x00000000f5580000,0x00000000f5580000,0x00000000fb200000)
  from space 14336K, 66% used [0x00000000fb200000,0x00000000fbb559f0,0x00000000fc000000)
  to   space 13312K, 0% used [0x00000000fc000000,0x00000000fc000000,0x00000000fcd00000)
 ParOldGen       total 175104K, used 10785K [0x00000000e0000000, 0x00000000eab00000, 0x00000000f5580000)
  object space 175104K, 6% used [0x00000000e0000000,0x00000000e0a887b8,0x00000000eab00000)
 Metaspace       used 34568K, capacity 35332K, committed 35416K, reserved 1079296K
  class space    used 4866K, capacity 5105K, committed 5120K, reserved 1048576K
Event: 21.090 GC heap after
Heap after GC invocations=9 (full 2):
 PSYoungGen      total 109056K, used 0K [0x00000000f5580000, 0x00000000fd380000, 0x0000000100000000)
  eden space 94720K, 0% used [0x00000000f5580000,0x00000000f5580000,0x00000000fb200000)
  from space 14336K, 0% used [0x00000000fb200000,0x00000000fb200000,0x00000000fc000000)
  to   space 13312K, 0% used [0x00000000fc000000,0x00000000fc000000,0x00000000fcd00000)
 ParOldGen       total 175104K, used 16555K [0x00000000e0000000, 0x00000000eab00000, 0x00000000f5580000)
  object space 175104K, 9% used [0x00000000e0000000,0x00000000e102ad50,0x00000000eab00000)
 Metaspace       used 34568K, capacity 35332K, committed 35416K, reserved 1079296K
  class space    used 4866K, capacity 5105K, committed 5120K, reserved 1048576K
}

