# JRE version: Java(TM) SE Runtime Environment (8.0_60-b27) (build 1.8.0_60-b27)
# Java VM: Java HotSpot(TM) 64-Bit Server VM (25.60-b23 mixed mode windows-amd64 compressed oops)
Heap:
 PSYoungGen      total 112640K, used 6592K [0x00000000f5580000, 0x0000000100000000, 0x0000000100000000)
  eden space 98304K, 6% used [0x00000000f5580000,0x00000000f5bf0258,0x00000000fb580000)
  from space 14336K, 0% used [0x00000000fb580000,0x00000000fb580000,0x00000000fc380000)
  to   space 13824K, 0% used [0x00000000ff280000,0x00000000ff280000,0x0000000100000000)
 ParOldGen       total 175104K, used 16488K [0x00000000e0000000, 0x00000000eab00000, 0x00000000f5580000)
  object space 175104K, 9% used [0x00000000e0000000,0x00000000e101a368,0x00000000eab00000)
 Metaspace       used 34706K, capacity 35516K, committed 35800K, reserved 1079296K
  class space    used 4897K, capacity 5145K, committed 5248K, reserved 1048576K
GC Heap History (10 events):
Event: 18.663 GC heap before
{Heap before GC invocations=5 (full 1):
 PSYoungGen      total 76288K, used 65536K [0x00000000f5580000, 0x00000000faa80000, 0x0000000100000000)
  eden space 65536K, 100% used [0x00000000f5580000,0x00000000f9580000,0x00000000f9580000)
  from space 10752K, 0% used [0x00000000f9580000,0x00000000f9580000,0x00000000fa000000)
  to   space 10752K, 0% used [0x00000000fa000000,0x00000000fa000000,0x00000000faa80000)
 ParOldGen       total 175104K, used 10741K [0x00000000e0000000, 0x00000000eab00000, 0x00000000f5580000)
  object space 175104K, 6% used [0x00000000e0000000,0x00000000e0a7d4f0,0x00000000eab00000)
 Metaspace       used 27573K, capacity 28076K, committed 28288K, reserved 1073152K
  class space    used 3746K, capacity 3920K, committed 3968K, reserved 1048576K
Event: 18.674 GC heap after
Heap after GC invocations=5 (full 1):
 PSYoungGen      total 76288K, used 7886K [0x00000000f5580000, 0x00000000fc700000, 0x0000000100000000)
  eden space 65536K, 0% used [0x00000000f5580000,0x00000000f5580000,0x00000000f9580000)
  from space 10752K, 73% used [0x00000000fa000000,0x00000000fa7b3910,0x00000000faa80000)
  to   space 10752K, 0% used [0x00000000f9580000,0x00000000f9580000,0x00000000fa000000)
 ParOldGen       total 175104K, used 10749K [0x00000000e0000000, 0x00000000eab00000, 0x00000000f5580000)
  object space 175104K, 6% used [0x00000000e0000000,0x00000000e0a7f4f0,0x00000000eab00000)
 Metaspace       used 27573K, capacity 28076K, committed 28288K, reserved 1073152K
  class space    used 3746K, capacity 3920K, committed 3968K, reserved 1048576K
}
Event: 19.894 GC heap before
{Heap before GC invocations=6 (full 1):
 PSYoungGen      total 76288K, used 73422K [0x00000000f5580000, 0x00000000fc700000, 0x0000000100000000)
  eden space 65536K, 100% used [0x00000000f5580000,0x00000000f9580000,0x00000000f9580000)
  from space 10752K, 73% used [0x00000000fa000000,0x00000000fa7b3910,0x00000000faa80000)
  to   space 10752K, 0% used [0x00000000f9580000,0x00000000f9580000,0x00000000fa000000)
 ParOldGen       total 175104K, used 10749K [0x00000000e0000000, 0x00000000eab00000, 0x00000000f5580000)
  object space 175104K, 6% used [0x00000000e0000000,0x00000000e0a7f4f0,0x00000000eab00000)
 Metaspace       used 30913K, capacity 31504K, committed 31744K, reserved 1077248K
  class space    used 4313K, capacity 4545K, committed 4608K, reserved 1048576K
Event: 19.911 GC heap after
Heap after GC invocations=6 (full 1):
 PSYoungGen      total 76288K, used 10508K [0x00000000f5580000, 0x00000000fd080000, 0x0000000100000000)
  eden space 65536K, 0% used [0x00000000f5580000,0x00000000f5580000,0x00000000f9580000)
  from space 10752K, 97% used [0x00000000f9580000,0x00000000f9fc3378,0x00000000fa000000)
  to   space 13312K, 0% used [0x00000000fc380000,0x00000000fc380000,0x00000000fd080000)
 ParOldGen       total 175104K, used 10757K [0x00000000e0000000, 0x00000000eab00000, 0x00000000f5580000)
  object space 175104K, 6% used [0x00000000e0000000,0x00000000e0a814f0,0x00000000eab00000)
 Metaspace       used 30913K, capacity 31504K, committed 31744K, reserved 1077248K
  class space    used 4313K, capacity 4545K, committed 4608K, reserved 1048576K
}
Event: 21.130 GC heap before
{Heap before GC invocations=7 (full 1):
 PSYoungGen      total 76288K, used 76044K [0x00000000f5580000, 0x00000000fd080000, 0x0000000100000000)
  eden space 65536K, 100% used [0x00000000f5580000,0x00000000f9580000,0x00000000f9580000)
  from space 10752K, 97% used [0x00000000f9580000,0x00000000f9fc3378,0x00000000fa000000)
  to   space 13312K, 0% used [0x00000000fc380000,0x00000000fc380000,0x00000000fd080000)
 ParOldGen       total 175104K, used 10757K [0x00000000e0000000, 0x00000000eab00000, 0x00000000f5580000)
  object space 175104K, 6% used [0x00000000e0000000,0x00000000e0a814f0,0x00000000eab00000)
 Metaspace       used 34436K, capacity 35304K, committed 35328K, reserved 1079296K
  class space    used 4851K, capacity 5111K, committed 5120K, reserved 1048576K
Event: 21.150 GC heap after
Heap after GC invocations=7 (full 1):
 PSYoungGen      total 111616K, used 12205K [0x00000000f5580000, 0x00000000fd600000, 0x0000000100000000)
  eden space 98304K, 0% used [0x00000000f5580000,0x00000000f5580000,0x00000000fb580000)
  from space 13312K, 91% used [0x00000000fc380000,0x00000000fcf6b520,0x00000000fd080000)
  to   space 14336K, 0% used [0x00000000fb580000,0x00000000fb580000,0x00000000fc380000)
 ParOldGen       total 175104K, used 10765K [0x00000000e0000000, 0x00000000eab00000, 0x00000000f5580000)
  object space 175104K, 6% used [0x00000000e0000000,0x00000000e0a834f0,0x00000000eab00000)
 Metaspace       used 34436K, capacity 35304K, committed 35328K, reserved 1079296K
  class space    used 4851K, capacity 5111K, committed 5120K, reserved 1048576K
}
Event: 21.242 GC heap before
{Heap before GC invocations=8 (full 1):
 PSYoungGen      total 111616K, used 15486K [0x00000000f5580000, 0x00000000fd600000, 0x0000000100000000)
  eden space 98304K, 3% used [0x00000000f5580000,0x00000000f58b4308,0x00000000fb580000)
  from space 13312K, 91% used [0x00000000fc380000,0x00000000fcf6b520,0x00000000fd080000)
  to   space 14336K, 0% used [0x00000000fb580000,0x00000000fb580000,0x00000000fc380000)
 ParOldGen       total 175104K, used 10765K [0x00000000e0000000, 0x00000000eab00000, 0x00000000f5580000)
  object space 175104K, 6% used [0x00000000e0000000,0x00000000e0a834f0,0x00000000eab00000)
 Metaspace       used 34556K, capacity 35368K, committed 35416K, reserved 1079296K
  class space    used 4868K, capacity 5111K, committed 5120K, reserved 1048576K
Event: 21.258 GC heap after
Heap after GC invocations=8 (full 1):
 PSYoungGen      total 112640K, used 9520K [0x00000000f5580000, 0x0000000100000000, 0x0000000100000000)
  eden space 98304K, 0% used [0x00000000f5580000,0x00000000f5580000,0x00000000fb580000)
  from space 14336K, 66% used [0x00000000fb580000,0x00000000fbecc010,0x00000000fc380000)
  to   space 13824K, 0% used [0x00000000ff280000,0x00000000ff280000,0x0000000100000000)
 ParOldGen       total 175104K, used 10773K [0x00000000e0000000, 0x00000000eab00000, 0x00000000f5580000)
  object space 175104K, 6% used [0x00000000e0000000,0x00000000e0a854f0,0x00000000eab00000)
 Metaspace       used 34556K, capacity 35368K, committed 35416K, reserved 1079296K
  class space    used 4868K, capacity 5111K, committed 5120K, reserved 1048576K
}
Event: 21.258 GC heap before
{Heap before GC invocations=9 (full 2):
 PSYoungGen      total 112640K, used 9520K [0x00000000f5580000, 0x0000000100000000, 0x0000000100000000)
  eden space 98304K, 0% used [0x00000000f5580000,0x00000000f5580000,0x00000000fb580000)
  from space 14336K, 66% used [0x00000000fb580000,0x00000000fbecc010,0x00000000fc380000)
  to   space 13824K, 0% used [0x00000000ff280000,0x00000000ff280000,0x0000000100000000)
 ParOldGen       total 175104K, used 10773K [0x00000000e0000000, 0x00000000eab00000, 0x00000000f5580000)
  object space 175104K, 6% used [0x00000000e0000000,0x00000000e0a854f0,0x00000000eab00000)
 Metaspace       used 34556K, capacity 35368K, committed 35416K, reserved 1079296K
  class space    used 4868K, capacity 5111K, committed 5120K, reserved 1048576K
Event: 21.374 GC heap after
Heap after GC invocations=9 (full 2):
 PSYoungGen      total 112640K, used 0K [0x00000000f5580000, 0x0000000100000000, 0x0000000100000000)
  eden space 98304K, 0% used [0x00000000f5580000,0x00000000f5580000,0x00000000fb580000)
  from space 14336K, 0% used [0x00000000fb580000,0x00000000fb580000,0x00000000fc380000)
  to   space 13824K, 0% used [0x00000000ff280000,0x00000000ff280000,0x0000000100000000)
 ParOldGen       total 175104K, used 16488K [0x00000000e0000000, 0x00000000eab00000, 0x00000000f5580000)
  object space 175104K, 9% used [0x00000000e0000000,0x00000000e101a368,0x00000000eab00000)
 Metaspace       used 34545K, capacity 35332K, committed 35416K, reserved 1079296K
  class space    used 4865K, capacity 5105K, committed 5120K, reserved 1048576K
}

